<?xml version="1.0" encoding="UTF-8"?>
<!-- Generated by org.testng.reporters.JUnitReportReporter -->
<testsuite hostname="DESKTOP-FMKQHNF" failures="0" tests="3" name="TESTNGPractice.DependsOnMethod" time="0.010" errors="0" timestamp="2022-12-19T15:50:18 IST" skipped="0">
  <testcase classname="TESTNGPractice.DependsOnMethod" name="startApp" time="0.008"/>
  <system-out/>
  <testcase classname="TESTNGPractice.DependsOnMethod" name="loginApp" time="0.001"/>
  <system-out/>
  <testcase classname="TESTNGPractice.DependsOnMethod" name="logoutapp" time="0.001"/>
  <system-out/>
</testsuite> <!-- TESTNGPractice.DependsOnMethod -->
