<?xml version="1.0" encoding="UTF-8"?>
<!-- Generated by org.testng.reporters.JUnitReportReporter -->
<testsuite hostname="DESKTOP-FMKQHNF" failures="0" tests="2" name="AssertionDemo.created" time="0.008" errors="0" timestamp="2022-12-27T17:58:33 IST" skipped="0">
  <testcase classname="AssertionDemo.created" name="test1" time="0.007"/>
  <system-out/>
  <testcase classname="AssertionDemo.created" name="test2" time="0.001"/>
  <system-out/>
</testsuite> <!-- AssertionDemo.created -->
