<?xml version="1.0" encoding="UTF-8"?>
<!-- Generated by org.testng.reporters.JUnitReportReporter -->
<testsuite hostname="DESKTOP-FMKQHNF" failures="0" tests="1" name="JAVA_PROGRAM_PRACTICE.Flipkart_Practice" time="61.428" errors="0" timestamp="2023-01-10T12:54:58 IST" skipped="0">
  <testcase classname="JAVA_PROGRAM_PRACTICE.Flipkart_Practice" name="Flipkart" time="61.428"/>
  <system-out/>
</testsuite> <!-- JAVA_PROGRAM_PRACTICE.Flipkart_Practice -->
