<?xml version="1.0" encoding="UTF-8"?>
<!-- Generated by org.testng.reporters.JUnitReportReporter -->
<testsuite hostname="DESKTOP-FMKQHNF" failures="0" tests="2" name="AssertionDemo.Testt" time="0.010" errors="0" timestamp="2022-12-27T17:51:53 IST" skipped="0">
  <testcase classname="AssertionDemo.Testt" name="test1" time="0.009"/>
  <system-out/>
  <testcase classname="AssertionDemo.Testt" name="test2" time="0.001"/>
  <system-out/>
</testsuite> <!-- AssertionDemo.Testt -->
